c:\users\jc769\documents\github\cs3113\hw #1\nyucodebase\debug\vc141.pdb
c:\users\jc769\documents\github\cs3113\hw #1\nyucodebase\debug\vc141.idb
c:\users\jc769\documents\github\cs3113\hw #1\nyucodebase\debug\main.obj
c:\users\jc769\documents\github\cs3113\hw #1\nyucodebase\debug\shaderprogram.obj
c:\users\jc769\documents\github\cs3113\hw #2\nyucodebase\debug\vc141.pdb
c:\users\jc769\documents\github\cs3113\hw #2\nyucodebase\debug\vc141.idb
c:\users\jc769\documents\github\cs3113\hw #2\nyucodebase\debug\shaderprogram.obj
c:\users\jc769\documents\github\cs3113\hw #2\nyucodebase\debug\main.obj
c:\users\jc769\documents\github\cs3113\hw #1\debug\nyucodebase.ilk
c:\users\jc769\documents\github\cs3113\hw #1\debug\nyucodebase.exe
c:\users\jc769\documents\github\cs3113\hw #1\debug\nyucodebase.pdb
c:\users\jc769\documents\github\cs3113\hw #2\debug\nyucodebase.exe
c:\users\jc769\documents\github\cs3113\hw #2\debug\nyucodebase.ilk
c:\users\jc769\documents\github\cs3113\hw #2\debug\nyucodebase.pdb
c:\users\jc769\documents\github\cs3113\hw #2\nyucodebase\debug\nyucodebase.tlog\cl.command.1.tlog
c:\users\jc769\documents\github\cs3113\hw #2\nyucodebase\debug\nyucodebase.tlog\cl.read.1.tlog
c:\users\jc769\documents\github\cs3113\hw #2\nyucodebase\debug\nyucodebase.tlog\cl.write.1.tlog
c:\users\jc769\documents\github\cs3113\hw #2\nyucodebase\debug\nyucodebase.tlog\link.command.1.tlog
c:\users\jc769\documents\github\cs3113\hw #2\nyucodebase\debug\nyucodebase.tlog\link.read.1.tlog
c:\users\jc769\documents\github\cs3113\hw #2\nyucodebase\debug\nyucodebase.tlog\link.write.1.tlog
