c:\users\jc769\documents\github\cs3113\hw #2\nyucodebase\debug\vc141.pdb
c:\users\jc769\documents\github\cs3113\hw #2\nyucodebase\debug\vc141.idb
c:\users\jc769\documents\github\cs3113\hw #2\nyucodebase\debug\shaderprogram.obj
c:\users\jc769\documents\github\cs3113\hw #2\nyucodebase\debug\main.obj
c:\users\jc769\documents\github\cs3113\hw #3\nyucodebase\debug\vc141.pdb
c:\users\jc769\documents\github\cs3113\hw #3\nyucodebase\debug\vc141.idb
c:\users\jc769\documents\github\cs3113\hw #3\nyucodebase\debug\shaderprogram.obj
c:\users\jc769\documents\github\cs3113\hw #3\nyucodebase\debug\sheetsprite.obj
c:\users\jc769\documents\github\cs3113\hw #3\nyucodebase\debug\entity.obj
c:\users\jc769\documents\github\cs3113\hw #3\nyucodebase\debug\main.obj
c:\users\jc769\documents\github\cs3113\hw #3\nyucodebase\debug\gamestate.obj
c:\users\jc769\documents\github\cs3113\hw #4\nyucodebase\debug\vc141.pdb
c:\users\jc769\documents\github\cs3113\hw #4\nyucodebase\debug\vc141.idb
c:\users\jc769\documents\github\cs3113\hw #4\nyucodebase\debug\sheetsprite.obj
c:\users\jc769\documents\github\cs3113\hw #4\nyucodebase\debug\shaderprogram.obj
c:\users\jc769\documents\github\cs3113\hw #4\nyucodebase\debug\main.obj
c:\users\jc769\documents\github\cs3113\hw #4\nyucodebase\debug\gamestate.obj
c:\users\jc769\documents\github\cs3113\hw #4\nyucodebase\debug\entity.obj
c:\users\jc769\documents\github\cs3113\hw #4\nyucodebase\debug\tilemap.obj
c:\users\jc769\documents\github\cs3113\sat collision\nyucodebase\debug\vc141.pdb
c:\users\jc769\documents\github\cs3113\sat collision\nyucodebase\debug\vc141.idb
c:\users\jc769\documents\github\cs3113\sat collision\nyucodebase\debug\sheetsprite.obj
c:\users\jc769\documents\github\cs3113\sat collision\nyucodebase\debug\shaderprogram.obj
c:\users\jc769\documents\github\cs3113\sat collision\nyucodebase\debug\main.obj
c:\users\jc769\documents\github\cs3113\sat collision\nyucodebase\debug\gamestate.obj
c:\users\jc769\documents\github\cs3113\sat collision\nyucodebase\debug\entity.obj
c:\users\jc769\documents\github\cs3113\sat collision\nyucodebase\debug\satcollision.obj
c:\users\jc769\documents\github\cs3113\final project\nyucodebase\debug\vc141.pdb
c:\users\jc769\documents\github\cs3113\final project\nyucodebase\debug\vc141.idb
c:\users\jc769\documents\github\cs3113\final project\nyucodebase\debug\sheetsprite.obj
c:\users\jc769\documents\github\cs3113\final project\nyucodebase\debug\shaderprogram.obj
c:\users\jc769\documents\github\cs3113\final project\nyucodebase\debug\satcollision.obj
c:\users\jc769\documents\github\cs3113\final project\nyucodebase\debug\main.obj
c:\users\jc769\documents\github\cs3113\final project\nyucodebase\debug\gamestate.obj
c:\users\jc769\documents\github\cs3113\final project\nyucodebase\debug\entity.obj
c:\users\jc769\documents\github\cs3113\final project\nyucodebase\debug\particleemitter.obj
c:\users\jc769\documents\github\cs3113\final project\nyucodebase\debug\helper.obj
c:\users\jc769\documents\github\cs3113\hw #2\debug\nyucodebase.exe
c:\users\jc769\documents\github\cs3113\hw #2\debug\nyucodebase.ilk
c:\users\jc769\documents\github\cs3113\hw #2\debug\nyucodebase.pdb
c:\users\jc769\documents\github\cs3113\hw #3\debug\nyucodebase.exe
c:\users\jc769\documents\github\cs3113\hw #3\debug\nyucodebase.ilk
c:\users\jc769\documents\github\cs3113\hw #3\debug\nyucodebase.pdb
c:\users\jc769\documents\github\cs3113\hw #4\debug\nyucodebase.exe
c:\users\jc769\documents\github\cs3113\hw #4\debug\nyucodebase.ilk
c:\users\jc769\documents\github\cs3113\hw #4\debug\nyucodebase.pdb
c:\users\jc769\documents\github\cs3113\sat collision\debug\nyucodebase.exe
c:\users\jc769\documents\github\cs3113\sat collision\debug\nyucodebase.ilk
c:\users\jc769\documents\github\cs3113\sat collision\debug\nyucodebase.pdb
c:\users\jc769\documents\github\cs3113\final project\debug\nyucodebase.exe
c:\users\jc769\documents\github\cs3113\final project\debug\nyucodebase.ilk
c:\users\jc769\documents\github\cs3113\final project\debug\nyucodebase.pdb
c:\users\jc769\documents\github\cs3113\final project\nyucodebase\debug\tilemap.obj
c:\users\jc769\documents\github\cs3113\final project\nyucodebase\debug\entity.obj.enc
c:\users\jc769\documents\github\cs3113\final project\nyucodebase\debug\main.obj.enc
c:\users\jc769\documents\github\cs3113\final project\nyucodebase\debug\nyucodebase.tlog\cl.command.1.tlog
c:\users\jc769\documents\github\cs3113\final project\nyucodebase\debug\nyucodebase.tlog\cl.read.1.tlog
c:\users\jc769\documents\github\cs3113\final project\nyucodebase\debug\nyucodebase.tlog\cl.write.1.tlog
c:\users\jc769\documents\github\cs3113\final project\nyucodebase\debug\nyucodebase.tlog\link.command.1.tlog
c:\users\jc769\documents\github\cs3113\final project\nyucodebase\debug\nyucodebase.tlog\link.read.1.tlog
c:\users\jc769\documents\github\cs3113\final project\nyucodebase\debug\nyucodebase.tlog\link.write.1.tlog
